\BOOKMARK [1][-]{section.1}{\376\377\137\025\212\000}{}% 1
\BOOKMARK [1][-]{section.2}{\376\377\145\207\163\056\176\374\217\360}{}% 2
\BOOKMARK [1][-]{section.3}{\376\377\176\246\133\232}{}% 3
\BOOKMARK [1][-]{section.4}{\376\377\133\232\116\111}{}% 4
\BOOKMARK [2][-]{subsection.4.1}{\376\377\127\372\126\340\226\306\124\010}{section.4}% 5
\BOOKMARK [2][-]{subsection.4.2}{\376\377\133\371\116\216\226\306\124\010\121\103\175\040\166\204\150\007\123\367}{section.4}% 6
\BOOKMARK [2][-]{subsection.4.3}{\376\377\226\306\124\010\122\060\124\021\221\317\166\204\217\154\123\026}{section.4}% 7
\BOOKMARK [2][-]{subsection.4.4}{\376\377\127\372\126\340\162\107\153\265}{section.4}% 8
\BOOKMARK [2][-]{subsection.4.5}{\376\377\127\372\126\340\162\107\153\265\166\204\217\320\173\227}{section.4}% 9
\BOOKMARK [2][-]{subsection.4.6}{\376\377\165\037\142\020\121\375\145\160\000\040\000\050\000G\000e\000n\000e\000r\000a\000t\000i\000n\000g\000\040\000f\000u\000n\000c\000t\000i\000o\000n\000\051}{section.4}% 10
\BOOKMARK [2][-]{subsection.4.7}{\376\377\127\372\126\340\162\107\153\265\165\037\142\020\121\375\145\160}{section.4}% 11
\BOOKMARK [2][-]{subsection.4.8}{\376\377\127\372\126\340\162\107\153\265\165\037\142\020\121\375\145\160\166\204\174\373\122\027\217\320\173\227}{section.4}% 12
\BOOKMARK [2][-]{subsection.4.9}{\376\377\127\372\126\340\162\107\153\265\165\037\142\020\121\375\145\160\166\204\136\224\165\050}{section.4}% 13
\BOOKMARK [2][-]{subsection.4.10}{\376\377\210\150\163\260\127\213\226\306\124\010}{section.4}% 14
\BOOKMARK [2][-]{subsection.4.11}{\376\377\210\150\163\260\127\213\146\040\134\004}{section.4}% 15
\BOOKMARK [2][-]{subsection.4.12}{\376\377\210\150\163\260\127\213\146\040\134\004\166\204\140\047\215\050}{section.4}% 16
\BOOKMARK [2][-]{subsection.4.13}{\376\377\213\241\173\227\116\052\117\123\166\204\210\150\163\260\127\213}{section.4}% 17
\BOOKMARK [2][-]{subsection.4.14}{\376\377\123\167\171\357}{section.4}% 18
\BOOKMARK [2][-]{subsection.4.15}{\376\377\123\167\171\357\116\016\165\037\142\020\121\375\145\160\217\320\173\227\166\204\200\124\174\373}{section.4}% 19
\BOOKMARK [1][-]{section.5}{\376\377\123\352\147\011\146\076\226\220\140\047\140\305\121\265\177\244\117\123\201\352\165\061\116\244\221\115\166\204\213\241\173\227}{}% 20
\BOOKMARK [2][-]{subsection.5.1}{\376\377\221\115\133\120\165\037\142\020\121\375\145\160\166\204\154\102\154\325}{section.5}% 21
\BOOKMARK [2][-]{subsection.5.2}{\376\377\127\372\126\340\162\107\153\265\165\037\142\020\121\375\145\160\166\204\154\102\154\325}{section.5}% 22
\BOOKMARK [1][-]{section.6}{\376\377\123\352\147\011\146\076\226\220\140\047\140\305\121\265\177\244\117\123\201\352\165\061\116\244\221\115\166\204\213\241\173\227\166\204\143\250\136\177}{}% 23
\BOOKMARK [2][-]{subsection.6.1}{\376\377\121\161\146\076\140\047\225\356\230\230}{section.6}% 24
\BOOKMARK [2][-]{subsection.6.2}{\376\377\131\015\173\111\117\115\127\372\126\340\225\356\230\230}{section.6}% 25
\BOOKMARK [1][-]{section.7}{\376\377\232\330\176\364\000\040\000F\000W\000T}{}% 26
\BOOKMARK [2][-]{subsection.7.1}{\376\377\133\232\116\111}{section.7}% 27
\BOOKMARK [2][-]{subsection.7.2}{\376\377\153\317\176\364\123\326\000\040\000m\000a\000x\000\040\166\204\000\040\000F\000W\000T}{section.7}% 28
\BOOKMARK [2][-]{subsection.7.3}{\376\377\125\267\164\334\225\356\230\230\166\204\137\353\220\037\173\227\154\325}{section.7}% 29
\BOOKMARK [2][-]{subsection.7.4}{\376\377\116\373\141\017\144\315\117\134\173\046\166\204\000\040\000F\000W\000T\000\040\225\356\230\230}{section.7}% 30
\BOOKMARK [2][-]{subsection.7.5}{\376\377\000\040\217\320\173\227\227\000\211\201\156\341\215\263\166\204\140\047\215\050}{section.7}% 31
\BOOKMARK [2][-]{subsection.7.6}{\376\377\116\015\217\333\117\115\122\240\154\325\166\204\000\040\000F\000W\000T}{section.7}% 32
\BOOKMARK [2][-]{subsection.7.7}{\376\377\121\161\146\076\140\047\225\356\230\230\166\204\137\353\220\037\173\227\154\325}{section.7}% 33
